* Starting client
* Connecting to master process on port 20946
* Analyzing classpath: 
  - C:/Users/Thiago/Documents/Calculadora/Calculadora-de-Tributos-PJ/ActionBarSherlock-Library/target/classes
  - C:\Users\Thiago\android-sdks\platforms\android-14\data\res
  - C:\Users\Thiago\android-sdks\tools\support\annotations.jar
  - C:\Program Files\Java\jdk1.8.0_181\jre\lib\charsets.jar
  - C:\Program Files\Java\jdk1.8.0_181\jre\lib\deploy.jar
  - C:\Program Files\Java\jdk1.8.0_181\jre\lib\ext\access-bridge-64.jar
  - C:\Program Files\Java\jdk1.8.0_181\jre\lib\ext\cldrdata.jar
  - C:\Program Files\Java\jdk1.8.0_181\jre\lib\ext\dnsns.jar
  - C:\Program Files\Java\jdk1.8.0_181\jre\lib\ext\jaccess.jar
  - C:\Program Files\Java\jdk1.8.0_181\jre\lib\ext\jfxrt.jar
  - C:\Program Files\Java\jdk1.8.0_181\jre\lib\ext\localedata.jar
  - C:\Program Files\Java\jdk1.8.0_181\jre\lib\ext\nashorn.jar
  - C:\Program Files\Java\jdk1.8.0_181\jre\lib\ext\sunec.jar
  - C:\Program Files\Java\jdk1.8.0_181\jre\lib\ext\sunjce_provider.jar
  - C:\Program Files\Java\jdk1.8.0_181\jre\lib\ext\sunmscapi.jar
  - C:\Program Files\Java\jdk1.8.0_181\jre\lib\ext\sunpkcs11.jar
  - C:\Program Files\Java\jdk1.8.0_181\jre\lib\ext\zipfs.jar
  - C:\Program Files\Java\jdk1.8.0_181\jre\lib\javaws.jar
  - C:\Program Files\Java\jdk1.8.0_181\jre\lib\jce.jar
  - C:\Program Files\Java\jdk1.8.0_181\jre\lib\jfr.jar
  - C:\Program Files\Java\jdk1.8.0_181\jre\lib\jfxswt.jar
  - C:\Program Files\Java\jdk1.8.0_181\jre\lib\jsse.jar
  - C:\Program Files\Java\jdk1.8.0_181\jre\lib\management-agent.jar
  - C:\Program Files\Java\jdk1.8.0_181\jre\lib\plugin.jar
  - C:\Program Files\Java\jdk1.8.0_181\jre\lib\resources.jar
  - C:\Program Files\Java\jdk1.8.0_181\jre\lib\rt.jar
  - C:\Users\Thiago\Documents\Calculadora\Calculadora-de-Tributos-PJ\ActionBarSherlock-Library\target\test-classes
  - C:\Users\Thiago\Documents\Calculadora\Calculadora-de-Tributos-PJ\ActionBarSherlock-Library\target\classes
  - C:\Users\Thiago\.m2\repository\com\google\android\android\4.0.1.2\android-4.0.1.2.jar
  - C:\Users\Thiago\.m2\repository\commons-logging\commons-logging\1.1.1\commons-logging-1.1.1.jar
  - C:\Users\Thiago\.m2\repository\org\apache\httpcomponents\httpclient\4.0.1\httpclient-4.0.1.jar
  - C:\Users\Thiago\.m2\repository\org\apache\httpcomponents\httpcore\4.0.1\httpcore-4.0.1.jar
  - C:\Users\Thiago\.m2\repository\org\khronos\opengl-api\gl1.1-android-2.1_r1\opengl-api-gl1.1-android-2.1_r1.jar
  - C:\Users\Thiago\.m2\repository\xerces\xmlParserAPIs\2.6.2\xmlParserAPIs-2.6.2.jar
  - C:\Users\Thiago\.m2\repository\xpp3\xpp3\1.1.4c\xpp3-1.1.4c.jar
  - C:\Users\Thiago\.m2\repository\org\json\json\20080701\json-20080701.jar
  - C:\Users\Thiago\.m2\repository\com\google\android\support-v4\r7\support-v4-r7.jar
  - C:\Users\Thiago\.m2\repository\com\pivotallabs\robolectric\1.1\robolectric-1.1.jar
  - C:\Users\Thiago\.m2\repository\org\objenesis\objenesis\1.0\objenesis-1.0.jar
  - C:\Users\Thiago\.m2\repository\org\xerial\sqlite-jdbc\3.7.2\sqlite-jdbc-3.7.2.jar
  - C:\Users\Thiago\.m2\repository\org\javassist\javassist\3.14.0-GA\javassist-3.14.0-GA.jar
  - C:\Users\Thiago\.m2\repository\commons-codec\commons-codec\1.3\commons-codec-1.3.jar
  - C:\Users\Thiago\.m2\repository\junit\junit\4.10\junit-4.10.jar
  - C:\Users\Thiago\.m2\repository\org\hamcrest\hamcrest-core\1.1\hamcrest-core-1.1.jar
* Finished analyzing classpath
* Generating tests for class com.actionbarsherlock.internal.nineoldandroids.animation.FloatKeyframeSet
* Test criteria:
  - Line Coverage
  - Branch Coverage
  - Exception
  - Mutation testing (weak)
  - Method-Output Coverage
  - Top-Level Method Coverage
  - No-Exception Top-Level Method Coverage
  - Context Branch Coverage
* Setting up search algorithm for whole suite generation
[MASTER] 20:19:51.463 [pool-2-thread-1] WARN  TestSuiteSerialization - Cannot load tests because file does not exist: C:\Users\Thiago\Documents\Calculadora\Calculadora-de-Tributos-PJ\ActionBarSherlock-Library\.evosuite\evosuite-seeds\com.actionbarsherlock.internal.nineoldandroids.animation.FloatKeyframeSet.seed
* Loaded 0 tests from C:\Users\Thiago\Documents\Calculadora\Calculadora-de-Tributos-PJ\ActionBarSherlock-Library\.evosuite\evosuite-seeds\com.actionbarsherlock.internal.nineoldandroids.animation.FloatKeyframeSet.seed
* Total number of test goals: 
  - Line 66
  - Branch 32
  - Exception 0
  - MutationFactory 80
  - Output 7
  - Method 4
  - MethodNoException 4
  - CBranchFitnessFactory 32
* Using seed 1541456382699
* Starting evolution
[MASTER] 20:20:01.869 [pool-2-thread-1] WARN  TestChromosome - Functional mock problem: org.evosuite.ga.ConstructionFailedException: Have no generator for class com.actionbarsherlock.internal.nineoldandroids.animation.Keyframe$IntKeyframe canUseFunctionalMocks=false, canBeMocked: false
* Search finished after 68s and 584 generations, 350801 statements, best individual has fitness: 14.876923076923077
* Writing sequences to pool
* Minimizing test suite
* Going to analyze the coverage criteria
* Coverage analysis for criterion LINE
* Coverage of criterion LINE: 94%
* Total number of goals: 66
* Number of covered goals: 62
* Coverage analysis for criterion BRANCH
* Coverage of criterion BRANCH: 88%
* Total number of goals: 32
* Number of covered goals: 28
* Coverage analysis for criterion EXCEPTION
* Coverage of criterion EXCEPTION: 100%
* Total number of goals: 12
* Number of covered goals: 12
* Coverage analysis for criterion WEAKMUTATION
* Coverage of criterion WEAKMUTATION: 96%
* Total number of goals: 80
* Number of covered goals: 77
* Coverage analysis for criterion OUTPUT
* Coverage of criterion OUTPUT: 71%
* Total number of goals: 7
* Number of covered goals: 5
* Coverage analysis for criterion METHOD
* Coverage of criterion METHOD: 100%
* Total number of goals: 4
* Number of covered goals: 4
* Coverage analysis for criterion METHODNOEXCEPTION
* Coverage of criterion METHODNOEXCEPTION: 100%
* Total number of goals: 4
* Number of covered goals: 4
* Coverage analysis for criterion CBRANCH
* Coverage of criterion CBRANCH: 88%
* Total number of goals: 32
* Number of covered goals: 28
* Generated 22 tests with total length 163
* Resulting test suite's coverage: 92% (average coverage for all fitness functions)
* Generating assertions
* Resulting test suite's mutation score: 44%
* Compiling and checking tests
* Writing JUnit test case 'FloatKeyframeSet_ESTest' to C:\Users\Thiago\Documents\Calculadora\Calculadora-de-Tributos-PJ\ActionBarSherlock-Library\.evosuite\tmp_2018_11_05_18_47_09\tests
* Done!

