[MASTER] 19:54:31.602 [pool-2-thread-1] ERROR TestCluster - Failed to check cache for java.util.Map<K, V> : Type points to itself
[MASTER] 19:54:31.617 [pool-2-thread-1] ERROR TestCluster - Failed to check cache for java.util.List<E> : Type points to itself
[MASTER] 19:55:35.624 [Thread-4] ERROR ClientNodeImpl - Cannot inform master of change of state
java.rmi.ServerException: RemoteException occurred in server thread; nested exception is: 
	java.rmi.UnmarshalException: error unmarshalling arguments; nested exception is: 
	java.io.OptionalDataException
	at sun.rmi.server.UnicastServerRef.dispatch(UnicastServerRef.java:389) ~[na:1.8.0_181]
	at sun.rmi.transport.Transport$1.run(Transport.java:200) ~[na:1.8.0_181]
	at sun.rmi.transport.Transport$1.run(Transport.java:197) ~[na:1.8.0_181]
	at java.security.AccessController.doPrivileged(Native Method) ~[na:1.8.0_181]
	at sun.rmi.transport.Transport.serviceCall(Transport.java:196) ~[na:1.8.0_181]
	at sun.rmi.transport.tcp.TCPTransport.handleMessages(TCPTransport.java:573) ~[na:1.8.0_181]
	at sun.rmi.transport.tcp.TCPTransport$ConnectionHandler.run0(TCPTransport.java:834) ~[na:1.8.0_181]
	at sun.rmi.transport.tcp.TCPTransport$ConnectionHandler.lambda$run$0(TCPTransport.java:688) ~[na:1.8.0_181]
	at java.security.AccessController.doPrivileged(Native Method) ~[na:1.8.0_181]
	at sun.rmi.transport.tcp.TCPTransport$ConnectionHandler.run(TCPTransport.java:687) ~[na:1.8.0_181]
	at java.util.concurrent.ThreadPoolExecutor.runWorker(ThreadPoolExecutor.java:1149) ~[na:1.8.0_181]
	at java.util.concurrent.ThreadPoolExecutor$Worker.run(ThreadPoolExecutor.java:624) ~[na:1.8.0_181]
	at java.lang.Thread.run(Thread.java:748) ~[na:1.8.0_181]
	at sun.rmi.transport.StreamRemoteCall.exceptionReceivedFromServer(StreamRemoteCall.java:283) ~[na:1.8.0_181]
	at sun.rmi.transport.StreamRemoteCall.executeCall(StreamRemoteCall.java:260) ~[na:1.8.0_181]
	at sun.rmi.server.UnicastRef.invoke(UnicastRef.java:161) ~[na:1.8.0_181]
	at java.rmi.server.RemoteObjectInvocationHandler.invokeRemoteMethod(RemoteObjectInvocationHandler.java:227) ~[na:1.8.0_181]
	at java.rmi.server.RemoteObjectInvocationHandler.invoke(RemoteObjectInvocationHandler.java:179) ~[na:1.8.0_181]
	at com.sun.proxy.$Proxy7.evosuite_collectStatistics(Unknown Source) ~[na:na]
	at org.evosuite.rmi.service.ClientNodeImpl.updateStatistics(ClientNodeImpl.java:237) ~[evosuite-1.0.6.jar:1.0.6]
	at org.evosuite.statistics.StatisticsSender.sendIndividualToMaster(StatisticsSender.java:68) [evosuite-1.0.6.jar:1.0.6]
	at org.evosuite.statistics.StatisticsListener$1.run(StatisticsListener.java:71) [evosuite-1.0.6.jar:1.0.6]
Caused by: java.rmi.UnmarshalException: error unmarshalling arguments; nested exception is: 
	java.io.OptionalDataException
	at sun.rmi.server.UnicastServerRef.dispatch(UnicastServerRef.java:348) ~[na:1.8.0_181]
	at sun.rmi.transport.Transport$1.run(Transport.java:200) ~[na:1.8.0_181]
	at sun.rmi.transport.Transport$1.run(Transport.java:197) ~[na:1.8.0_181]
	at java.security.AccessController.doPrivileged(Native Method) ~[na:1.8.0_181]
	at sun.rmi.transport.Transport.serviceCall(Transport.java:196) ~[na:1.8.0_181]
	at sun.rmi.transport.tcp.TCPTransport.handleMessages(TCPTransport.java:573) ~[na:1.8.0_181]
	at sun.rmi.transport.tcp.TCPTransport$ConnectionHandler.run0(TCPTransport.java:834) ~[na:1.8.0_181]
	at sun.rmi.transport.tcp.TCPTransport$ConnectionHandler.lambda$run$0(TCPTransport.java:688) ~[na:1.8.0_181]
	at java.security.AccessController.doPrivileged(Native Method) ~[na:1.8.0_181]
	at sun.rmi.transport.tcp.TCPTransport$ConnectionHandler.run(TCPTransport.java:687) ~[na:1.8.0_181]
	at java.util.concurrent.ThreadPoolExecutor.runWorker(ThreadPoolExecutor.java:1149) ~[na:1.8.0_181]
	at java.util.concurrent.ThreadPoolExecutor$Worker.run(ThreadPoolExecutor.java:624) ~[na:1.8.0_181]
	at java.lang.Thread.run(Thread.java:748) ~[na:1.8.0_181]
Caused by: java.io.OptionalDataException: null
	at java.io.ObjectInputStream.readObject0(ObjectInputStream.java:1593) ~[na:1.8.0_181]
	at java.io.ObjectInputStream.readObject(ObjectInputStream.java:431) ~[na:1.8.0_181]
	at java.util.HashMap.readObject(HashMap.java:1407) ~[na:1.8.0_181]
	at sun.reflect.GeneratedMethodAccessor7.invoke(Unknown Source) ~[na:na]
	at sun.reflect.DelegatingMethodAccessorImpl.invoke(DelegatingMethodAccessorImpl.java:43) ~[na:1.8.0_181]
	at java.lang.reflect.Method.invoke(Method.java:498) ~[na:1.8.0_181]
	at java.io.ObjectStreamClass.invokeReadObject(ObjectStreamClass.java:1170) ~[na:1.8.0_181]
	at java.io.ObjectInputStream.readSerialData(ObjectInputStream.java:2178) ~[na:1.8.0_181]
	at java.io.ObjectInputStream.readOrdinaryObject(ObjectInputStream.java:2069) ~[na:1.8.0_181]
	at java.io.ObjectInputStream.readObject0(ObjectInputStream.java:1573) ~[na:1.8.0_181]
	at java.io.ObjectInputStream.defaultReadFields(ObjectInputStream.java:2287) ~[na:1.8.0_181]
	at java.io.ObjectInputStream.readSerialData(ObjectInputStream.java:2211) ~[na:1.8.0_181]
	at java.io.ObjectInputStream.readOrdinaryObject(ObjectInputStream.java:2069) ~[na:1.8.0_181]
	at java.io.ObjectInputStream.readObject0(ObjectInputStream.java:1573) ~[na:1.8.0_181]
	at java.io.ObjectInputStream.readObject(ObjectInputStream.java:431) ~[na:1.8.0_181]
	at java.util.HashMap.readObject(HashMap.java:1407) ~[na:1.8.0_181]
	at sun.reflect.GeneratedMethodAccessor7.invoke(Unknown Source) ~[na:na]
	at sun.reflect.DelegatingMethodAccessorImpl.invoke(DelegatingMethodAccessorImpl.java:43) ~[na:1.8.0_181]
	at java.lang.reflect.Method.invoke(Method.java:498) ~[na:1.8.0_181]
	at java.io.ObjectStreamClass.invokeReadObject(ObjectStreamClass.java:1170) ~[na:1.8.0_181]
	at java.io.ObjectInputStream.readSerialData(ObjectInputStream.java:2178) ~[na:1.8.0_181]
	at java.io.ObjectInputStream.readOrdinaryObject(ObjectInputStream.java:2069) ~[na:1.8.0_181]
	at java.io.ObjectInputStream.readObject0(ObjectInputStream.java:1573) ~[na:1.8.0_181]
	at java.io.ObjectInputStream.defaultReadFields(ObjectInputStream.java:2287) ~[na:1.8.0_181]
	at java.io.ObjectInputStream.readSerialData(ObjectInputStream.java:2211) ~[na:1.8.0_181]
	at java.io.ObjectInputStream.readOrdinaryObject(ObjectInputStream.java:2069) ~[na:1.8.0_181]
	at java.io.ObjectInputStream.readObject0(ObjectInputStream.java:1573) ~[na:1.8.0_181]
	at java.io.ObjectInputStream.readObject(ObjectInputStream.java:431) ~[na:1.8.0_181]
	at sun.rmi.server.UnicastRef.unmarshalValue(UnicastRef.java:322) ~[na:1.8.0_181]
	at sun.rmi.server.UnicastServerRef.unmarshalParametersUnchecked(UnicastServerRef.java:628) ~[na:1.8.0_181]
	at sun.rmi.server.UnicastServerRef.unmarshalParameters(UnicastServerRef.java:616) ~[na:1.8.0_181]
	at sun.rmi.server.UnicastServerRef.dispatch(UnicastServerRef.java:338) ~[na:1.8.0_181]
	... 12 common frames omitted
[MASTER] 19:56:31.085 [pool-2-thread-1] ERROR ClassStateSupport - Could not initialize com.actionbarsherlock.internal.widget.ScrollingTabContainerView: null
[MASTER] 19:56:31.085 [pool-2-thread-1] ERROR ClassStateSupport - Could not initialize com.actionbarsherlock.internal.widget.ActionBarContextView: null
[MASTER] 19:56:31.163 [pool-2-thread-1] ERROR ClassStateSupport - Could not initialize android.support.v4.app.FragmentManagerImpl: null
[MASTER] 19:56:31.179 [pool-2-thread-1] ERROR ClassStateSupport - Could not initialize com.actionbarsherlock.internal.widget.ActionBarView: com.actionbarsherlock.internal.widget.AbsActionBarView
[MASTER] 19:56:31.509 [pool-2-thread-1] ERROR ClassStateSupport - Could not initialize com.actionbarsherlock.internal.nineoldandroids.animation.ObjectAnimator: null
[MASTER] 19:56:31.509 [pool-2-thread-1] ERROR ClassStateSupport - Could not initialize com.actionbarsherlock.internal.nineoldandroids.animation.ValueAnimator: Could not initialize class com.actionbarsherlock.internal.nineoldandroids.animation.ValueAnimator
[MASTER] 19:56:31.509 [pool-2-thread-1] ERROR ClassStateSupport - Could not initialize com.actionbarsherlock.internal.widget.AbsActionBarView: Could not initialize class com.actionbarsherlock.internal.widget.AbsActionBarView
[MASTER] 19:56:31.681 [pool-2-thread-1] ERROR ClassResetter - java.lang.NoClassDefFoundError: Could not initialize class com.actionbarsherlock.internal.widget.AbsActionBarView
